Wed Feb 07 2018 13:09:48 GMT-0600 (Central Standard Time): GET : /
Wed Feb 07 2018 13:10:03 GMT-0600 (Central Standard Time): GET : /
Wed Feb 07 2018 13:10:05 GMT-0600 (Central Standard Time): GET : /
Wed Feb 07 2018 13:10:06 GMT-0600 (Central Standard Time): GET : /
Wed Feb 07 2018 13:10:06 GMT-0600 (Central Standard Time): GET : /
Wed Feb 07 2018 13:10:06 GMT-0600 (Central Standard Time): GET : /
Wed Feb 07 2018 13:10:06 GMT-0600 (Central Standard Time): GET : /
Wed Feb 07 2018 13:10:06 GMT-0600 (Central Standard Time): GET : /
Wed Feb 07 2018 13:10:07 GMT-0600 (Central Standard Time): GET : /
Wed Feb 07 2018 13:10:07 GMT-0600 (Central Standard Time): GET : /
Wed Feb 07 2018 13:10:07 GMT-0600 (Central Standard Time): GET : /
Wed Feb 07 2018 13:10:07 GMT-0600 (Central Standard Time): GET : /
Wed Feb 07 2018 13:10:07 GMT-0600 (Central Standard Time): GET : /
Wed Feb 07 2018 13:10:07 GMT-0600 (Central Standard Time): GET : /
Wed Feb 07 2018 13:10:08 GMT-0600 (Central Standard Time): GET : /
Wed Feb 07 2018 13:10:08 GMT-0600 (Central Standard Time): GET : /
Wed Feb 07 2018 13:10:08 GMT-0600 (Central Standard Time): GET : /
Wed Feb 07 2018 13:10:08 GMT-0600 (Central Standard Time): GET : /
Wed Feb 07 2018 13:10:08 GMT-0600 (Central Standard Time): GET : /
Wed Feb 07 2018 13:10:09 GMT-0600 (Central Standard Time): GET : /home?username=&password=
Wed Feb 07 2018 13:10:11 GMT-0600 (Central Standard Time): GET : /
Wed Feb 07 2018 13:10:13 GMT-0600 (Central Standard Time): GET : /about
Wed Feb 07 2018 13:10:18 GMT-0600 (Central Standard Time): GET : /
Wed Feb 07 2018 13:10:20 GMT-0600 (Central Standard Time): GET : /home
Wed Feb 07 2018 13:10:22 GMT-0600 (Central Standard Time): GET : /about
Wed Feb 07 2018 13:10:23 GMT-0600 (Central Standard Time): GET : /about
Wed Feb 07 2018 13:17:19 GMT-0600 (Central Standard Time): GET : /
Wed Feb 07 2018 13:17:21 GMT-0600 (Central Standard Time): GET : /about
Wed Feb 07 2018 13:17:27 GMT-0600 (Central Standard Time): GET : /about
Wed Feb 07 2018 13:17:48 GMT-0600 (Central Standard Time): GET : /about
Wed Feb 07 2018 13:17:52 GMT-0600 (Central Standard Time): GET : /
Wed Feb 07 2018 13:17:54 GMT-0600 (Central Standard Time): GET : /
Wed Feb 07 2018 13:18:19 GMT-0600 (Central Standard Time): GET : /
Wed Feb 07 2018 13:18:20 GMT-0600 (Central Standard Time): GET : /
Wed Feb 07 2018 13:18:21 GMT-0600 (Central Standard Time): GET : /
Wed Feb 07 2018 13:18:21 GMT-0600 (Central Standard Time): GET : /
Wed Feb 07 2018 13:18:22 GMT-0600 (Central Standard Time): GET : /
Wed Feb 07 2018 13:18:22 GMT-0600 (Central Standard Time): GET : /
Wed Feb 07 2018 13:18:24 GMT-0600 (Central Standard Time): GET : /
Wed Feb 07 2018 13:18:25 GMT-0600 (Central Standard Time): GET : /
Wed Feb 07 2018 13:18:25 GMT-0600 (Central Standard Time): GET : /
Wed Feb 07 2018 13:18:25 GMT-0600 (Central Standard Time): GET : /
Wed Feb 07 2018 13:18:25 GMT-0600 (Central Standard Time): GET : /
Wed Feb 07 2018 13:18:26 GMT-0600 (Central Standard Time): GET : /
Wed Feb 07 2018 13:18:26 GMT-0600 (Central Standard Time): GET : /
Wed Feb 07 2018 13:18:26 GMT-0600 (Central Standard Time): GET : /
Wed Feb 07 2018 13:18:26 GMT-0600 (Central Standard Time): GET : /
Wed Feb 07 2018 13:18:26 GMT-0600 (Central Standard Time): GET : /
Wed Feb 07 2018 13:18:27 GMT-0600 (Central Standard Time): GET : /
Wed Feb 07 2018 13:18:27 GMT-0600 (Central Standard Time): GET : /
Wed Feb 07 2018 13:18:27 GMT-0600 (Central Standard Time): GET : /
Wed Feb 07 2018 13:18:27 GMT-0600 (Central Standard Time): GET : /
Wed Feb 07 2018 13:18:28 GMT-0600 (Central Standard Time): GET : /
Wed Feb 07 2018 13:18:28 GMT-0600 (Central Standard Time): GET : /
Wed Feb 07 2018 13:18:28 GMT-0600 (Central Standard Time): GET : /
Wed Feb 07 2018 13:18:29 GMT-0600 (Central Standard Time): GET : /
Wed Feb 07 2018 13:18:29 GMT-0600 (Central Standard Time): GET : /
Wed Feb 07 2018 13:18:29 GMT-0600 (Central Standard Time): GET : /
Wed Feb 07 2018 13:18:30 GMT-0600 (Central Standard Time): GET : /
Wed Feb 07 2018 13:18:30 GMT-0600 (Central Standard Time): GET : /
Wed Feb 07 2018 13:18:31 GMT-0600 (Central Standard Time): GET : /
Wed Feb 07 2018 13:18:31 GMT-0600 (Central Standard Time): GET : /
Wed Feb 07 2018 13:18:31 GMT-0600 (Central Standard Time): GET : /
Wed Feb 07 2018 13:18:31 GMT-0600 (Central Standard Time): GET : /
Wed Feb 07 2018 13:18:32 GMT-0600 (Central Standard Time): GET : /
Wed Feb 07 2018 13:19:04 GMT-0600 (Central Standard Time): GET : /
Wed Feb 07 2018 13:19:06 GMT-0600 (Central Standard Time): GET : /
Wed Feb 07 2018 13:19:25 GMT-0600 (Central Standard Time): GET : /shoppingCart
Wed Feb 07 2018 13:19:38 GMT-0600 (Central Standard Time): GET : /shoppingCart
Wed Feb 07 2018 13:19:41 GMT-0600 (Central Standard Time): GET : /shoppingCart
Wed Feb 07 2018 13:19:51 GMT-0600 (Central Standard Time): GET : /shoppingCart/login.html
Wed Feb 07 2018 13:20:20 GMT-0600 (Central Standard Time): GET : /
Wed Feb 07 2018 13:20:57 GMT-0600 (Central Standard Time): GET : /
Wed Feb 07 2018 13:21:00 GMT-0600 (Central Standard Time): GET : /home?username=&password=
Wed Feb 07 2018 13:21:02 GMT-0600 (Central Standard Time): GET : /
Wed Feb 07 2018 13:21:03 GMT-0600 (Central Standard Time): GET : /home?username=&password=
Wed Feb 07 2018 13:21:04 GMT-0600 (Central Standard Time): GET : /home
Wed Feb 07 2018 13:21:05 GMT-0600 (Central Standard Time): GET : /about
Wed Feb 07 2018 13:21:06 GMT-0600 (Central Standard Time): GET : /home
Wed Feb 07 2018 13:38:25 GMT-0600 (Central Standard Time): GET : /
Wed Feb 07 2018 13:38:30 GMT-0600 (Central Standard Time): GET : /home?username=dheeraj.chaudhary%40contractor.hallmark.com.projectqa&password=qsxqwa
Wed Feb 07 2018 13:38:31 GMT-0600 (Central Standard Time): GET : /home
Wed Feb 07 2018 13:38:32 GMT-0600 (Central Standard Time): GET : /about
Wed Feb 07 2018 13:38:33 GMT-0600 (Central Standard Time): GET : /home
Wed Feb 07 2018 13:38:35 GMT-0600 (Central Standard Time): GET : /
Wed Feb 07 2018 13:38:55 GMT-0600 (Central Standard Time): GET : /home?username=&password=
Wed Feb 07 2018 13:39:51 GMT-0600 (Central Standard Time): GET : /login.html
Wed Feb 07 2018 13:39:51 GMT-0600 (Central Standard Time): GET : /css/styles.css
Wed Feb 07 2018 13:39:51 GMT-0600 (Central Standard Time): GET : /css/fonts.css
Wed Feb 07 2018 13:39:51 GMT-0600 (Central Standard Time): GET : /js/controllers.js
Wed Feb 07 2018 13:39:51 GMT-0600 (Central Standard Time): GET : /js/jquery-1.8.1.min.js
Wed Feb 07 2018 13:39:51 GMT-0600 (Central Standard Time): GET : /js/jquery.hoverIntent.minified.js
Wed Feb 07 2018 13:39:51 GMT-0600 (Central Standard Time): GET : /js/jquery.cookie.js
Wed Feb 07 2018 13:39:51 GMT-0600 (Central Standard Time): GET : /js/jquery.accordion.2.7.min.js
Wed Feb 07 2018 13:39:51 GMT-0600 (Central Standard Time): GET : /images/homepage_header_graphic.jpg
Wed Feb 07 2018 13:39:51 GMT-0600 (Central Standard Time): GET : /images/my_account_header.jpg
Thu Feb 08 2018 11:49:23 GMT-0600 (Central Standard Time): GET : /
Thu Feb 08 2018 11:49:24 GMT-0600 (Central Standard Time): GET : /favicon.ico
Thu Feb 08 2018 11:49:26 GMT-0600 (Central Standard Time): GET : /home?username=dheeraj.chaudhary%40contractor.hallmark.com.projectqa&password=
Thu Feb 08 2018 11:49:27 GMT-0600 (Central Standard Time): GET : /home
Thu Feb 08 2018 11:49:28 GMT-0600 (Central Standard Time): GET : /about
